<?xml version="1.0" encoding="UTF-8"?>
<testsuite xmlns:xsi="http://www.w3.org/2001/XMLSchema-instance" xsi:noNamespaceSchemaLocation="https://maven.apache.org/surefire/maven-failsafe-plugin/xsd/failsafe-test-report-3.0.xsd" version="3.0" name="As admin I want to login, so I can register patients" time="21.3" tests="4" errors="0" skipped="0" failures="0">
  <properties>
[...]
</properties>
  <testcase name="POST - As admin I want to login with valid id and valid password" classname="As admin I want to login, so I can register patients" time="16.272">
    <system-out><![CDATA[18:51:53.901 [pool-2-thread-1] INFO io.cucumber.core.plugin.SerenityReporter - Running feature from file:///C:/Users/Ocky/Documents/Final%20Project/src/test/resources/login.feature

18:51:53.911 [pool-2-thread-1] WARN io.cucumber.core.plugin.SerenityReporter - Feature from file:///C:/Users/Ocky/Documents/Final%20Project/src/test/resources/login.feature is not under the 'features' directory. Requirements report will not be correctly generated!

18:51:54.468 [pool-2-thread-1] INFO  - 

-------------------------------------------------------------------------------------
     _______. _______ .______       _______ .__   __.  __  .___________.____    ____ 
    /       ||   ____||   _  \     |   ____||  \ |  | |  | |           |\   \  /   / 
   |   (----`|  |__   |  |_)  |    |  |__   |   \|  | |  | `---|  |----` \   \/   /  
    \   \    |   __|  |      /     |   __|  |  . `  | |  |     |  |       \_    _/   
.----)   |   |  |____ |  |\  \----.|  |____ |  |\   | |  |     |  |         |  |     
|_______/    |_______|| _| `._____||_______||__| \__| |__|     |__|         |__|    
                                                                                     
 News and tutorials at http://www.serenity-bdd.info                                  
 Documentation at https://wakaleo.gitbooks.io/the-serenity-book/content/             
 Join the Serenity Community on Gitter: https://gitter.im/serenity-bdd/serenity-core 
 Serenity BDD Support and Training at http://serenity-bdd.info/#/trainingandsupport  
-------------------------------------------------------------------------------------


18:51:54.476 [pool-2-thread-1] DEBUG net.thucydides.core.steps.StepEventBus - Test suite started for story net.thucydides.core.model.Story@a160f4b1

18:51:54.483 [pool-2-thread-1] INFO  - Test Suite Started: As admin I want to login, so I can register patients



4
 Scenarios (
&amp#27;[32m4 passed&amp#27;[0m
)


12
 Steps (
&amp#27;[32m12 passed&amp#27;[0m
)


0m
21.953s






18:52:15.851 [pool-2-thread-1] DEBUG net.thucydides.core.reports.ReportService - Reporting formats: [JSON, HTML]

18:52:16.079 [pool-2-thread-1] DEBUG net.thucydides.core.reports.ReportService - Reporting formats: [JSON, HTML]

18:52:16.102 [pool-2-thread-1] DEBUG net.thucydides.core.reports.ReportService - Generating reports for 4 test outcomes using: net.thucydides.core.reports.json.JSONTestOutcomeReporter@2dd2790b

18:52:16.103 [pool-2-thread-1] DEBUG net.thucydides.core.reports.ReportService - Processing test outcome As admin I want to login, so I can register patients:POST - As admin I want to login with valid id and valid password

18:52:16.104 [pool-2-thread-1] INFO net.thucydides.core.reports.ReportService - net.thucydides.core.reports.json.JSONTestOutcomeReporter@2dd2790b: Generating report for test outcome: As admin I want to login, so I can register patients:POST - As admin I want to login with valid id and valid password

18:52:16.104 [pool-2-thread-2] DEBUG net.thucydides.core.reports.ReportService - Processing test outcome As admin I want to login, so I can register patients:POST - As admin I want to login with invalid id and valid password

18:52:16.105 [pool-2-thread-2] INFO net.thucydides.core.reports.ReportService - net.thucydides.core.reports.json.JSONTestOutcomeReporter@2dd2790b: Generating report for test outcome: As admin I want to login, so I can register patients:POST - As admin I want to login with invalid id and valid password

18:52:16.126 [pool-2-thread-4] DEBUG net.thucydides.core.reports.ReportService - Processing test outcome As admin I want to login, so I can register patients:POST - As admin I want to login with invalid id and invalid password

18:52:16.126 [pool-2-thread-3] DEBUG net.thucydides.core.reports.ReportService - Processing test outcome As admin I want to login, so I can register patients:POST - As admin I want to login with valid id and invalid password

18:52:16.132 [pool-2-thread-3] INFO net.thucydides.core.reports.ReportService - net.thucydides.core.reports.json.JSONTestOutcomeReporter@2dd2790b: Generating report for test outcome: As admin I want to login, so I can register patients:POST - As admin I want to login with valid id and invalid password

18:52:16.130 [pool-2-thread-4] INFO net.thucydides.core.reports.ReportService - net.thucydides.core.reports.json.JSONTestOutcomeReporter@2dd2790b: Generating report for test outcome: As admin I want to login, so I can register patients:POST - As admin I want to login with invalid id and invalid password

18:52:16.153 [pool-2-thread-3] DEBUG net.thucydides.core.reports.json.JSONTestOutcomeReporter - Generating JSON report for POST - As admin I want to login with valid id and invalid password to file C:\Users\Ocky\Documents\Final Project\target\site\serenity\b81f1cdc46d958bae72f79507f7f648702b48e30fcb5184a44b7ca22ab949d65.json (using temp file C:\Users\Ocky\Documents\Final Project\target\site\serenity\b81f1cdc46d958bae72f79507f7f648702b48e30fcb5184a44b7ca22ab949d65.json963350cb-07a4-48a4-b001-acdb7a4f94dc)

18:52:16.153 [pool-2-thread-1] DEBUG net.thucydides.core.reports.json.JSONTestOutcomeReporter - Generating JSON report for POST - As admin I want to login with valid id and valid password to file C:\Users\Ocky\Documents\Final Project\target\site\serenity\e4c14f85abcd81fdcc1bef66394f4e3b5a8d4ccfb0aa4b077cdd0a7cbf5e3a5a.json (using temp file C:\Users\Ocky\Documents\Final Project\target\site\serenity\e4c14f85abcd81fdcc1bef66394f4e3b5a8d4ccfb0aa4b077cdd0a7cbf5e3a5a.json5ea44dee-22e4-4cd7-bac3-70ba8dcd5185)

18:52:16.153 [pool-2-thread-2] DEBUG net.thucydides.core.reports.json.JSONTestOutcomeReporter - Generating JSON report for POST - As admin I want to login with invalid id and valid password to file C:\Users\Ocky\Documents\Final Project\target\site\serenity\9e9fd6cfe53ea5b93b0a7d15ba1d97be2fc819fbe34af17aede4d7b415b259aa.json (using temp file C:\Users\Ocky\Documents\Final Project\target\site\serenity\9e9fd6cfe53ea5b93b0a7d15ba1d97be2fc819fbe34af17aede4d7b415b259aa.json9afc59e6-4a19-455b-b7be-34d3552603ab)

18:52:16.153 [pool-2-thread-4] DEBUG net.thucydides.core.reports.json.JSONTestOutcomeReporter - Generating JSON report for POST - As admin I want to login with invalid id and invalid password to file C:\Users\Ocky\Documents\Final Project\target\site\serenity\c5ac8aa97b61093073a24bc10f7dfabfd29941f2ddfe2c684633a9ebc25409e5.json (using temp file C:\Users\Ocky\Documents\Final Project\target\site\serenity\c5ac8aa97b61093073a24bc10f7dfabfd29941f2ddfe2c684633a9ebc25409e5.json3d5f0f15-8ca7-4f61-b0c5-d88c9a0459d4)

18:52:16.262 [pool-2-thread-1] DEBUG net.thucydides.core.reports.ReportService - Processing test outcome As admin I want to login, so I can register patients:POST - As admin I want to login with valid id and valid password done

18:52:16.267 [pool-2-thread-2] DEBUG net.thucydides.core.reports.ReportService - Processing test outcome As admin I want to login, so I can register patients:POST - As admin I want to login with invalid id and valid password done

18:52:16.277 [pool-2-thread-3] DEBUG net.thucydides.core.reports.ReportService - Processing test outcome As admin I want to login, so I can register patients:POST - As admin I want to login with valid id and invalid password done

18:52:16.280 [pool-2-thread-4] DEBUG net.thucydides.core.reports.ReportService - Processing test outcome As admin I want to login, so I can register patients:POST - As admin I want to login with invalid id and invalid password done

18:52:16.283 [pool-2-thread-1] DEBUG net.thucydides.core.reports.ReportService - Shutting down executor service

18:52:16.284 [pool-2-thread-1] DEBUG net.thucydides.core.reports.ReportService - Reports generated in: 182 ms

18:52:16.285 [pool-2-thread-1] DEBUG net.thucydides.core.reports.ReportService - Generating reports for 4 test outcomes using: net.thucydides.core.reports.html.HtmlAcceptanceTestReporter@ab693e6

18:52:16.292 [pool-3-thread-2] DEBUG net.thucydides.core.reports.ReportService - Processing test outcome As admin I want to login, so I can register patients:POST - As admin I want to login with invalid id and valid password

18:52:16.293 [pool-3-thread-2] INFO net.thucydides.core.reports.ReportService - net.thucydides.core.reports.html.HtmlAcceptanceTestReporter@ab693e6: Generating report for test outcome: As admin I want to login, so I can register patients:POST - As admin I want to login with invalid id and valid password

18:52:16.292 [pool-3-thread-1] DEBUG net.thucydides.core.reports.ReportService - Processing test outcome As admin I want to login, so I can register patients:POST - As admin I want to login with valid id and valid password

18:52:16.293 [pool-3-thread-1] INFO net.thucydides.core.reports.ReportService - net.thucydides.core.reports.html.HtmlAcceptanceTestReporter@ab693e6: Generating report for test outcome: As admin I want to login, so I can register patients:POST - As admin I want to login with valid id and valid password

18:52:16.294 [pool-3-thread-3] DEBUG net.thucydides.core.reports.ReportService - Processing test outcome As admin I want to login, so I can register patients:POST - As admin I want to login with valid id and invalid password

18:52:16.294 [pool-3-thread-3] INFO net.thucydides.core.reports.ReportService - net.thucydides.core.reports.html.HtmlAcceptanceTestReporter@ab693e6: Generating report for test outcome: As admin I want to login, so I can register patients:POST - As admin I want to login with valid id and invalid password

18:52:16.295 [pool-3-thread-4] DEBUG net.thucydides.core.reports.ReportService - Processing test outcome As admin I want to login, so I can register patients:POST - As admin I want to login with invalid id and invalid password

18:52:16.296 [pool-3-thread-4] INFO net.thucydides.core.reports.ReportService - net.thucydides.core.reports.html.HtmlAcceptanceTestReporter@ab693e6: Generating report for test outcome: As admin I want to login, so I can register patients:POST - As admin I want to login with invalid id and invalid password

18:52:16.400 [pool-3-thread-3] WARN net.thucydides.core.requirements.RequirementsTagProvider - Failed to load requirements: Illegal char <:> at index 4: file:\C:\Users\Ocky\Documents\Final%20Project\src\test\resources\login.feature
java.nio.file.InvalidPathException: Illegal char <:> at index 4: file:\C:\Users\Ocky\Documents\Final%20Project\src\test\resources\login.feature
	at sun.nio.fs.WindowsPathParser.normalize(WindowsPathParser.java:182)
	at sun.nio.fs.WindowsPathParser.parse(WindowsPathParser.java:153)
	at sun.nio.fs.WindowsPathParser.parse(WindowsPathParser.java:77)
	at sun.nio.fs.WindowsPath.parse(WindowsPath.java:94)
	at sun.nio.fs.WindowsFileSystem.getPath(WindowsFileSystem.java:255)
	at java.io.File.toPath(File.java:2234)
	at net.thucydides.core.requirements.RootDirectory.getRelativePathOf(RootDirectory.java:364)
	at net.thucydides.core.requirements.FileSystemRequirementsTagProvider.requirementWithMatchingPath(FileSystemRequirementsTagProvider.java:372)
	at net.thucydides.core.requirements.FileSystemRequirementsTagProvider.getParentRequirementOf(FileSystemRequirementsTagProvider.java:335)
	at net.thucydides.core.requirements.ParentRequirementsProvided.forOutcome(ParentRequirementsProvided.java:26)
	at net.thucydides.core.requirements.BaseRequirementsService.getParentRequirementOf(BaseRequirementsService.java:138)
	at net.thucydides.core.requirements.BaseRequirementsService.getParentRequirementFor(BaseRequirementsService.java:48)
	at net.thucydides.core.reports.html.HtmlAcceptanceTestReporter.addParentRequirmentFieldToContext(HtmlAcceptanceTestReporter.java:196)
	at net.thucydides.core.reports.html.HtmlAcceptanceTestReporter.addTestOutcomeToContext(HtmlAcceptanceTestReporter.java:190)
	at net.thucydides.core.reports.html.HtmlAcceptanceTestReporter.generateReportFor(HtmlAcceptanceTestReporter.java:105)
	at net.thucydides.core.reports.ReportService.generateReportFor(ReportService.java:246)
	at net.thucydides.core.reports.ReportService.lambda$generateReportsFor$0(ReportService.java:184)
	at java.util.concurrent.Executors$RunnableAdapter.call(Executors.java:511)
	at java.util.concurrent.FutureTask.run(FutureTask.java:266)
	at java.util.concurrent.ThreadPoolExecutor.runWorker(ThreadPoolExecutor.java:1149)
	at java.util.concurrent.ThreadPoolExecutor$Worker.run(ThreadPoolExecutor.java:624)
	at java.lang.Thread.run(Thread.java:748)

18:52:16.400 [pool-3-thread-4] WARN net.thucydides.core.requirements.RequirementsTagProvider - Failed to load requirements: Illegal char <:> at index 4: file:\C:\Users\Ocky\Documents\Final%20Project\src\test\resources\login.feature
java.nio.file.InvalidPathException: Illegal char <:> at index 4: file:\C:\Users\Ocky\Documents\Final%20Project\src\test\resources\login.feature
	at sun.nio.fs.WindowsPathParser.normalize(WindowsPathParser.java:182)
	at sun.nio.fs.WindowsPathParser.parse(WindowsPathParser.java:153)
	at sun.nio.fs.WindowsPathParser.parse(WindowsPathParser.java:77)
	at sun.nio.fs.WindowsPath.parse(WindowsPath.java:94)
	at sun.nio.fs.WindowsFileSystem.getPath(WindowsFileSystem.java:255)
	at java.io.File.toPath(File.java:2234)
	at net.thucydides.core.requirements.RootDirectory.getRelativePathOf(RootDirectory.java:364)
	at net.thucydides.core.requirements.FileSystemRequirementsTagProvider.requirementWithMatchingPath(FileSystemRequirementsTagProvider.java:372)
	at net.thucydides.core.requirements.FileSystemRequirementsTagProvider.getParentRequirementOf(FileSystemRequirementsTagProvider.java:335)
	at net.thucydides.core.requirements.ParentRequirementsProvided.forOutcome(ParentRequirementsProvided.java:26)
	at net.thucydides.core.requirements.BaseRequirementsService.getParentRequirementOf(BaseRequirementsService.java:138)
	at net.thucydides.core.requirements.BaseRequirementsService.getParentRequirementFor(BaseRequirementsService.java:48)
	at net.thucydides.core.reports.html.HtmlAcceptanceTestReporter.addParentRequirmentFieldToContext(HtmlAcceptanceTestReporter.java:196)
	at net.thucydides.core.reports.html.HtmlAcceptanceTestReporter.addTestOutcomeToContext(HtmlAcceptanceTestReporter.java:190)
	at net.thucydides.core.reports.html.HtmlAcceptanceTestReporter.generateReportFor(HtmlAcceptanceTestReporter.java:105)
	at net.thucydides.core.reports.ReportService.generateReportFor(ReportService.java:246)
	at net.thucydides.core.reports.ReportService.lambda$generateReportsFor$0(ReportService.java:184)
	at java.util.concurrent.Executors$RunnableAdapter.call(Executors.java:511)
	at java.util.concurrent.FutureTask.run(FutureTask.java:266)
	at java.util.concurrent.ThreadPoolExecutor.runWorker(ThreadPoolExecutor.java:1149)
	at java.util.concurrent.ThreadPoolExecutor$Worker.run(ThreadPoolExecutor.java:624)
	at java.lang.Thread.run(Thread.java:748)

18:52:16.412 [pool-3-thread-2] WARN net.thucydides.core.requirements.RequirementsTagProvider - Failed to load requirements: Illegal char <:> at index 4: file:\C:\Users\Ocky\Documents\Final%20Project\src\test\resources\login.feature
java.nio.file.InvalidPathException: Illegal char <:> at index 4: file:\C:\Users\Ocky\Documents\Final%20Project\src\test\resources\login.feature
	at sun.nio.fs.WindowsPathParser.normalize(WindowsPathParser.java:182)
	at sun.nio.fs.WindowsPathParser.parse(WindowsPathParser.java:153)
	at sun.nio.fs.WindowsPathParser.parse(WindowsPathParser.java:77)
	at sun.nio.fs.WindowsPath.parse(WindowsPath.java:94)
	at sun.nio.fs.WindowsFileSystem.getPath(WindowsFileSystem.java:255)
	at java.io.File.toPath(File.java:2234)
	at net.thucydides.core.requirements.RootDirectory.getRelativePathOf(RootDirectory.java:364)
	at net.thucydides.core.requirements.FileSystemRequirementsTagProvider.requirementWithMatchingPath(FileSystemRequirementsTagProvider.java:372)
	at net.thucydides.core.requirements.FileSystemRequirementsTagProvider.getParentRequirementOf(FileSystemRequirementsTagProvider.java:335)
	at net.thucydides.core.requirements.ParentRequirementsProvided.forOutcome(ParentRequirementsProvided.java:26)
	at net.thucydides.core.requirements.BaseRequirementsService.getParentRequirementOf(BaseRequirementsService.java:138)
	at net.thucydides.core.requirements.BaseRequirementsService.getParentRequirementFor(BaseRequirementsService.java:48)
	at net.thucydides.core.reports.html.HtmlAcceptanceTestReporter.addParentRequirmentFieldToContext(HtmlAcceptanceTestReporter.java:196)
	at net.thucydides.core.reports.html.HtmlAcceptanceTestReporter.addTestOutcomeToContext(HtmlAcceptanceTestReporter.java:190)
	at net.thucydides.core.reports.html.HtmlAcceptanceTestReporter.generateReportFor(HtmlAcceptanceTestReporter.java:105)
	at net.thucydides.core.reports.ReportService.generateReportFor(ReportService.java:246)
	at net.thucydides.core.reports.ReportService.lambda$generateReportsFor$0(ReportService.java:184)
	at java.util.concurrent.Executors$RunnableAdapter.call(Executors.java:511)
	at java.util.concurrent.FutureTask.run(FutureTask.java:266)
	at java.util.concurrent.ThreadPoolExecutor.runWorker(ThreadPoolExecutor.java:1149)
	at java.util.concurrent.ThreadPoolExecutor$Worker.run(ThreadPoolExecutor.java:624)
	at java.lang.Thread.run(Thread.java:748)

18:52:16.412 [pool-3-thread-4] WARN net.thucydides.core.requirements.RequirementsTagProvider - Failed to load requirements: Illegal char <:> at index 4: file:\C:\Users\Ocky\Documents\Final%20Project\src\test\resources\login.feature
java.nio.file.InvalidPathException: Illegal char <:> at index 4: file:\C:\Users\Ocky\Documents\Final%20Project\src\test\resources\login.feature
	at sun.nio.fs.WindowsPathParser.normalize(WindowsPathParser.java:182)
	at sun.nio.fs.WindowsPathParser.parse(WindowsPathParser.java:153)
	at sun.nio.fs.WindowsPathParser.parse(WindowsPathParser.java:77)
	at sun.nio.fs.WindowsPath.parse(WindowsPath.java:94)
	at sun.nio.fs.WindowsFileSystem.getPath(WindowsFileSystem.java:255)
	at java.io.File.toPath(File.java:2234)
	at net.thucydides.core.requirements.RootDirectory.getRelativePathOf(RootDirectory.java:364)
	at net.thucydides.core.requirements.FileSystemRequirementsTagProvider.requirementWithMatchingPath(FileSystemRequirementsTagProvider.java:372)
	at net.thucydides.core.requirements.FileSystemRequirementsTagProvider.getParentRequirementOf(FileSystemRequirementsTagProvider.java:335)
	at net.thucydides.core.requirements.ParentRequirementsProvided.forOutcome(ParentRequirementsProvided.java:26)
	at net.thucydides.core.requirements.BaseRequirementsService.getParentRequirementOf(BaseRequirementsService.java:138)
	at net.thucydides.core.requirements.BaseRequirementsService.getAncestorRequirementsFor(BaseRequirementsService.java:78)
	at net.thucydides.core.reports.html.HtmlAcceptanceTestReporter.addBreadcrumbs(HtmlAcceptanceTestReporter.java:226)
	at net.thucydides.core.reports.html.HtmlAcceptanceTestReporter.addParentRequirmentFieldToContext(HtmlAcceptanceTestReporter.java:214)
	at net.thucydides.core.reports.html.HtmlAcceptanceTestReporter.addTestOutcomeToContext(HtmlAcceptanceTestReporter.java:190)
	at net.thucydides.core.reports.html.HtmlAcceptanceTestReporter.generateReportFor(HtmlAcceptanceTestReporter.java:105)
	at net.thucydides.core.reports.ReportService.generateReportFor(ReportService.java:246)
	at net.thucydides.core.reports.ReportService.lambda$generateReportsFor$0(ReportService.java:184)
	at java.util.concurrent.Executors$RunnableAdapter.call(Executors.java:511)
	at java.util.concurrent.FutureTask.run(FutureTask.java:266)
	at java.util.concurrent.ThreadPoolExecutor.runWorker(ThreadPoolExecutor.java:1149)
	at java.util.concurrent.ThreadPoolExecutor$Worker.run(ThreadPoolExecutor.java:624)
	at java.lang.Thread.run(Thread.java:748)

18:52:16.413 [pool-3-thread-3] WARN net.thucydides.core.requirements.RequirementsTagProvider - Failed to load requirements: Illegal char <:> at index 4: file:\C:\Users\Ocky\Documents\Final%20Project\src\test\resources\login.feature
java.nio.file.InvalidPathException: Illegal char <:> at index 4: file:\C:\Users\Ocky\Documents\Final%20Project\src\test\resources\login.feature
	at sun.nio.fs.WindowsPathParser.normalize(WindowsPathParser.java:182)
	at sun.nio.fs.WindowsPathParser.parse(WindowsPathParser.java:153)
	at sun.nio.fs.WindowsPathParser.parse(WindowsPathParser.java:77)
	at sun.nio.fs.WindowsPath.parse(WindowsPath.java:94)
	at sun.nio.fs.WindowsFileSystem.getPath(WindowsFileSystem.java:255)
	at java.io.File.toPath(File.java:2234)
	at net.thucydides.core.requirements.RootDirectory.getRelativePathOf(RootDirectory.java:364)
	at net.thucydides.core.requirements.FileSystemRequirementsTagProvider.requirementWithMatchingPath(FileSystemRequirementsTagProvider.java:372)
	at net.thucydides.core.requirements.FileSystemRequirementsTagProvider.getParentRequirementOf(FileSystemRequirementsTagProvider.java:335)
	at net.thucydides.core.requirements.ParentRequirementsProvided.forOutcome(ParentRequirementsProvided.java:26)
	at net.thucydides.core.requirements.BaseRequirementsService.getParentRequirementOf(BaseRequirementsService.java:138)
	at net.thucydides.core.requirements.BaseRequirementsService.getAncestorRequirementsFor(BaseRequirementsService.java:78)
	at net.thucydides.core.reports.html.HtmlAcceptanceTestReporter.addBreadcrumbs(HtmlAcceptanceTestReporter.java:226)
	at net.thucydides.core.reports.html.HtmlAcceptanceTestReporter.addParentRequirmentFieldToContext(HtmlAcceptanceTestReporter.java:214)
	at net.thucydides.core.reports.html.HtmlAcceptanceTestReporter.addTestOutcomeToContext(HtmlAcceptanceTestReporter.java:190)
	at net.thucydides.core.reports.html.HtmlAcceptanceTestReporter.generateReportFor(HtmlAcceptanceTestReporter.java:105)
	at net.thucydides.core.reports.ReportService.generateReportFor(ReportService.java:246)
	at net.thucydides.core.reports.ReportService.lambda$generateReportsFor$0(ReportService.java:184)
	at java.util.concurrent.Executors$RunnableAdapter.call(Executors.java:511)
	at java.util.concurrent.FutureTask.run(FutureTask.java:266)
	at java.util.concurrent.ThreadPoolExecutor.runWorker(ThreadPoolExecutor.java:1149)
	at java.util.concurrent.ThreadPoolExecutor$Worker.run(ThreadPoolExecutor.java:624)
	at java.lang.Thread.run(Thread.java:748)

18:52:16.414 [pool-3-thread-2] WARN net.thucydides.core.requirements.RequirementsTagProvider - Failed to load requirements: Illegal char <:> at index 4: file:\C:\Users\Ocky\Documents\Final%20Project\src\test\resources\login.feature
java.nio.file.InvalidPathException: Illegal char <:> at index 4: file:\C:\Users\Ocky\Documents\Final%20Project\src\test\resources\login.feature
	at sun.nio.fs.WindowsPathParser.normalize(WindowsPathParser.java:182)
	at sun.nio.fs.WindowsPathParser.parse(WindowsPathParser.java:153)
	at sun.nio.fs.WindowsPathParser.parse(WindowsPathParser.java:77)
	at sun.nio.fs.WindowsPath.parse(WindowsPath.java:94)
	at sun.nio.fs.WindowsFileSystem.getPath(WindowsFileSystem.java:255)
	at java.io.File.toPath(File.java:2234)
	at net.thucydides.core.requirements.RootDirectory.getRelativePathOf(RootDirectory.java:364)
	at net.thucydides.core.requirements.FileSystemRequirementsTagProvider.requirementWithMatchingPath(FileSystemRequirementsTagProvider.java:372)
	at net.thucydides.core.requirements.FileSystemRequirementsTagProvider.getParentRequirementOf(FileSystemRequirementsTagProvider.java:335)
	at net.thucydides.core.requirements.ParentRequirementsProvided.forOutcome(ParentRequirementsProvided.java:26)
	at net.thucydides.core.requirements.BaseRequirementsService.getParentRequirementOf(BaseRequirementsService.java:138)
	at net.thucydides.core.requirements.BaseRequirementsService.getAncestorRequirementsFor(BaseRequirementsService.java:78)
	at net.thucydides.core.reports.html.HtmlAcceptanceTestReporter.addBreadcrumbs(HtmlAcceptanceTestReporter.java:226)
	at net.thucydides.core.reports.html.HtmlAcceptanceTestReporter.addParentRequirmentFieldToContext(HtmlAcceptanceTestReporter.java:214)
	at net.thucydides.core.reports.html.HtmlAcceptanceTestReporter.addTestOutcomeToContext(HtmlAcceptanceTestReporter.java:190)
	at net.thucydides.core.reports.html.HtmlAcceptanceTestReporter.generateReportFor(HtmlAcceptanceTestReporter.java:105)
	at net.thucydides.core.reports.ReportService.generateReportFor(ReportService.java:246)
	at net.thucydides.core.reports.ReportService.lambda$generateReportsFor$0(ReportService.java:184)
	at java.util.concurrent.Executors$RunnableAdapter.call(Executors.java:511)
	at java.util.concurrent.FutureTask.run(FutureTask.java:266)
	at java.util.concurrent.ThreadPoolExecutor.runWorker(ThreadPoolExecutor.java:1149)
	at java.util.concurrent.ThreadPoolExecutor$Worker.run(ThreadPoolExecutor.java:624)
	at java.lang.Thread.run(Thread.java:748)

18:52:16.417 [pool-3-thread-2] WARN net.thucydides.core.requirements.RequirementsTagProvider - Failed to load requirements: Illegal char <:> at index 4: file:\C:\Users\Ocky\Documents\Final%20Project\src\test\resources\login.feature
java.nio.file.InvalidPathException: Illegal char <:> at index 4: file:\C:\Users\Ocky\Documents\Final%20Project\src\test\resources\login.feature
	at sun.nio.fs.WindowsPathParser.normalize(WindowsPathParser.java:182)
	at sun.nio.fs.WindowsPathParser.parse(WindowsPathParser.java:153)
	at sun.nio.fs.WindowsPathParser.parse(WindowsPathParser.java:77)
	at sun.nio.fs.WindowsPath.parse(WindowsPath.java:94)
	at sun.nio.fs.WindowsFileSystem.getPath(WindowsFileSystem.java:255)
	at java.io.File.toPath(File.java:2234)
	at net.thucydides.core.requirements.RootDirectory.getRelativePathOf(RootDirectory.java:364)
	at net.thucydides.core.requirements.FileSystemRequirementsTagProvider.requirementWithMatchingPath(FileSystemRequirementsTagProvider.java:372)
	at net.thucydides.core.requirements.FileSystemRequirementsTagProvider.getParentRequirementOf(FileSystemRequirementsTagProvider.java:335)
	at net.thucydides.core.requirements.ParentRequirementsProvided.forOutcome(ParentRequirementsProvided.java:26)
	at net.thucydides.core.requirements.BaseRequirementsService.getParentRequirementOf(BaseRequirementsService.java:138)
	at net.thucydides.core.requirements.BaseRequirementsService.getAncestorRequirementsFor(BaseRequirementsService.java:78)
	at net.thucydides.core.tags.BreadcrumbTagFilter.getRequirementBreadcrumbsFrom(BreadcrumbTagFilter.java:51)
	at net.thucydides.core.reports.html.HtmlAcceptanceTestReporter.addBreadcrumbs(HtmlAcceptanceTestReporter.java:227)
	at net.thucydides.core.reports.html.HtmlAcceptanceTestReporter.addParentRequirmentFieldToContext(HtmlAcceptanceTestReporter.java:214)
	at net.thucydides.core.reports.html.HtmlAcceptanceTestReporter.addTestOutcomeToContext(HtmlAcceptanceTestReporter.java:190)
	at net.thucydides.core.reports.html.HtmlAcceptanceTestReporter.generateReportFor(HtmlAcceptanceTestReporter.java:105)
	at net.thucydides.core.reports.ReportService.generateReportFor(ReportService.java:246)
	at net.thucydides.core.reports.ReportService.lambda$generateReportsFor$0(ReportService.java:184)
	at java.util.concurrent.Executors$RunnableAdapter.call(Executors.java:511)
	at java.util.concurrent.FutureTask.run(FutureTask.java:266)
	at java.util.concurrent.ThreadPoolExecutor.runWorker(ThreadPoolExecutor.java:1149)
	at java.util.concurrent.ThreadPoolExecutor$Worker.run(ThreadPoolExecutor.java:624)
	at java.lang.Thread.run(Thread.java:748)

18:52:16.426 [pool-3-thread-1] WARN net.thucydides.core.requirements.RequirementsTagProvider - Failed to load requirements: Illegal char <:> at index 4: file:\C:\Users\Ocky\Documents\Final%20Project\src\test\resources\login.feature
java.nio.file.InvalidPathException: Illegal char <:> at index 4: file:\C:\Users\Ocky\Documents\Final%20Project\src\test\resources\login.feature
	at sun.nio.fs.WindowsPathParser.normalize(WindowsPathParser.java:182)
	at sun.nio.fs.WindowsPathParser.parse(WindowsPathParser.java:153)
	at sun.nio.fs.WindowsPathParser.parse(WindowsPathParser.java:77)
	at sun.nio.fs.WindowsPath.parse(WindowsPath.java:94)
	at sun.nio.fs.WindowsFileSystem.getPath(WindowsFileSystem.java:255)
	at java.io.File.toPath(File.java:2234)
	at net.thucydides.core.requirements.RootDirectory.getRelativePathOf(RootDirectory.java:364)
	at net.thucydides.core.requirements.FileSystemRequirementsTagProvider.requirementWithMatchingPath(FileSystemRequirementsTagProvider.java:372)
	at net.thucydides.core.requirements.FileSystemRequirementsTagProvider.getParentRequirementOf(FileSystemRequirementsTagProvider.java:335)
	at net.thucydides.core.requirements.ParentRequirementsProvided.forOutcome(ParentRequirementsProvided.java:26)
	at net.thucydides.core.requirements.BaseRequirementsService.getParentRequirementOf(BaseRequirementsService.java:138)
	at net.thucydides.core.requirements.BaseRequirementsService.getParentRequirementFor(BaseRequirementsService.java:48)
	at net.thucydides.core.reports.html.HtmlAcceptanceTestReporter.addParentRequirmentFieldToContext(HtmlAcceptanceTestReporter.java:196)
	at net.thucydides.core.reports.html.HtmlAcceptanceTestReporter.addTestOutcomeToContext(HtmlAcceptanceTestReporter.java:190)
	at net.thucydides.core.reports.html.HtmlAcceptanceTestReporter.generateReportFor(HtmlAcceptanceTestReporter.java:105)
	at net.thucydides.core.reports.ReportService.generateReportFor(ReportService.java:246)
	at net.thucydides.core.reports.ReportService.lambda$generateReportsFor$0(ReportService.java:184)
	at java.util.concurrent.Executors$RunnableAdapter.call(Executors.java:511)
	at java.util.concurrent.FutureTask.run(FutureTask.java:266)
	at java.util.concurrent.ThreadPoolExecutor.runWorker(ThreadPoolExecutor.java:1149)
	at java.util.concurrent.ThreadPoolExecutor$Worker.run(ThreadPoolExecutor.java:624)
	at java.lang.Thread.run(Thread.java:748)

18:52:16.427 [pool-3-thread-1] WARN net.thucydides.core.requirements.RequirementsTagProvider - Failed to load requirements: Illegal char <:> at index 4: file:\C:\Users\Ocky\Documents\Final%20Project\src\test\resources\login.feature
java.nio.file.InvalidPathException: Illegal char <:> at index 4: file:\C:\Users\Ocky\Documents\Final%20Project\src\test\resources\login.feature
	at sun.nio.fs.WindowsPathParser.normalize(WindowsPathParser.java:182)
	at sun.nio.fs.WindowsPathParser.parse(WindowsPathParser.java:153)
	at sun.nio.fs.WindowsPathParser.parse(WindowsPathParser.java:77)
	at sun.nio.fs.WindowsPath.parse(WindowsPath.java:94)
	at sun.nio.fs.WindowsFileSystem.getPath(WindowsFileSystem.java:255)
	at java.io.File.toPath(File.java:2234)
	at net.thucydides.core.requirements.RootDirectory.getRelativePathOf(RootDirectory.java:364)
	at net.thucydides.core.requirements.FileSystemRequirementsTagProvider.requirementWithMatchingPath(FileSystemRequirementsTagProvider.java:372)
	at net.thucydides.core.requirements.FileSystemRequirementsTagProvider.getParentRequirementOf(FileSystemRequirementsTagProvider.java:335)
	at net.thucydides.core.requirements.ParentRequirementsProvided.forOutcome(ParentRequirementsProvided.java:26)
	at net.thucydides.core.requirements.BaseRequirementsService.getParentRequirementOf(BaseRequirementsService.java:138)
	at net.thucydides.core.requirements.BaseRequirementsService.getAncestorRequirementsFor(BaseRequirementsService.java:78)
	at net.thucydides.core.reports.html.HtmlAcceptanceTestReporter.addBreadcrumbs(HtmlAcceptanceTestReporter.java:226)
	at net.thucydides.core.reports.html.HtmlAcceptanceTestReporter.addParentRequirmentFieldToContext(HtmlAcceptanceTestReporter.java:214)
	at net.thucydides.core.reports.html.HtmlAcceptanceTestReporter.addTestOutcomeToContext(HtmlAcceptanceTestReporter.java:190)
	at net.thucydides.core.reports.html.HtmlAcceptanceTestReporter.generateReportFor(HtmlAcceptanceTestReporter.java:105)
	at net.thucydides.core.reports.ReportService.generateReportFor(ReportService.java:246)
	at net.thucydides.core.reports.ReportService.lambda$generateReportsFor$0(ReportService.java:184)
	at java.util.concurrent.Executors$RunnableAdapter.call(Executors.java:511)
	at java.util.concurrent.FutureTask.run(FutureTask.java:266)
	at java.util.concurrent.ThreadPoolExecutor.runWorker(ThreadPoolExecutor.java:1149)
	at java.util.concurrent.ThreadPoolExecutor$Worker.run(ThreadPoolExecutor.java:624)
	at java.lang.Thread.run(Thread.java:748)

18:52:16.428 [pool-3-thread-1] WARN net.thucydides.core.requirements.RequirementsTagProvider - Failed to load requirements: Illegal char <:> at index 4: file:\C:\Users\Ocky\Documents\Final%20Project\src\test\resources\login.feature
java.nio.file.InvalidPathException: Illegal char <:> at index 4: file:\C:\Users\Ocky\Documents\Final%20Project\src\test\resources\login.feature
	at sun.nio.fs.WindowsPathParser.normalize(WindowsPathParser.java:182)
	at sun.nio.fs.WindowsPathParser.parse(WindowsPathParser.java:153)
	at sun.nio.fs.WindowsPathParser.parse(WindowsPathParser.java:77)
	at sun.nio.fs.WindowsPath.parse(WindowsPath.java:94)
	at sun.nio.fs.WindowsFileSystem.getPath(WindowsFileSystem.java:255)
	at java.io.File.toPath(File.java:2234)
	at net.thucydides.core.requirements.RootDirectory.getRelativePathOf(RootDirectory.java:364)
	at net.thucydides.core.requirements.FileSystemRequirementsTagProvider.requirementWithMatchingPath(FileSystemRequirementsTagProvider.java:372)
	at net.thucydides.core.requirements.FileSystemRequirementsTagProvider.getParentRequirementOf(FileSystemRequirementsTagProvider.java:335)
	at net.thucydides.core.requirements.ParentRequirementsProvided.forOutcome(ParentRequirementsProvided.java:26)
	at net.thucydides.core.requirements.BaseRequirementsService.getParentRequirementOf(BaseRequirementsService.java:138)
	at net.thucydides.core.requirements.BaseRequirementsService.getAncestorRequirementsFor(BaseRequirementsService.java:78)
	at net.thucydides.core.tags.BreadcrumbTagFilter.getRequirementBreadcrumbsFrom(BreadcrumbTagFilter.java:51)
	at net.thucydides.core.reports.html.HtmlAcceptanceTestReporter.addBreadcrumbs(HtmlAcceptanceTestReporter.java:227)
	at net.thucydides.core.reports.html.HtmlAcceptanceTestReporter.addParentRequirmentFieldToContext(HtmlAcceptanceTestReporter.java:214)
	at net.thucydides.core.reports.html.HtmlAcceptanceTestReporter.addTestOutcomeToContext(HtmlAcceptanceTestReporter.java:190)
	at net.thucydides.core.reports.html.HtmlAcceptanceTestReporter.generateReportFor(HtmlAcceptanceTestReporter.java:105)
	at net.thucydides.core.reports.ReportService.generateReportFor(ReportService.java:246)
	at net.thucydides.core.reports.ReportService.lambda$generateReportsFor$0(ReportService.java:184)
	at java.util.concurrent.Executors$RunnableAdapter.call(Executors.java:511)
	at java.util.concurrent.FutureTask.run(FutureTask.java:266)
	at java.util.concurrent.ThreadPoolExecutor.runWorker(ThreadPoolExecutor.java:1149)
	at java.util.concurrent.ThreadPoolExecutor$Worker.run(ThreadPoolExecutor.java:624)
	at java.lang.Thread.run(Thread.java:748)

18:52:16.417 [pool-3-thread-4] WARN net.thucydides.core.requirements.RequirementsTagProvider - Failed to load requirements: Illegal char <:> at index 4: file:\C:\Users\Ocky\Documents\Final%20Project\src\test\resources\login.feature
java.nio.file.InvalidPathException: Illegal char <:> at index 4: file:\C:\Users\Ocky\Documents\Final%20Project\src\test\resources\login.feature
	at sun.nio.fs.WindowsPathParser.normalize(WindowsPathParser.java:182)
	at sun.nio.fs.WindowsPathParser.parse(WindowsPathParser.java:153)
	at sun.nio.fs.WindowsPathParser.parse(WindowsPathParser.java:77)
	at sun.nio.fs.WindowsPath.parse(WindowsPath.java:94)
	at sun.nio.fs.WindowsFileSystem.getPath(WindowsFileSystem.java:255)
	at java.io.File.toPath(File.java:2234)
	at net.thucydides.core.requirements.RootDirectory.getRelativePathOf(RootDirectory.java:364)
	at net.thucydides.core.requirements.FileSystemRequirementsTagProvider.requirementWithMatchingPath(FileSystemRequirementsTagProvider.java:372)
	at net.thucydides.core.requirements.FileSystemRequirementsTagProvider.getParentRequirementOf(FileSystemRequirementsTagProvider.java:335)
	at net.thucydides.core.requirements.ParentRequirementsProvided.forOutcome(ParentRequirementsProvided.java:26)
	at net.thucydides.core.requirements.BaseRequirementsService.getParentRequirementOf(BaseRequirementsService.java:138)
	at net.thucydides.core.requirements.BaseRequirementsService.getAncestorRequirementsFor(BaseRequirementsService.java:78)
	at net.thucydides.core.tags.BreadcrumbTagFilter.getRequirementBreadcrumbsFrom(BreadcrumbTagFilter.java:51)
	at net.thucydides.core.reports.html.HtmlAcceptanceTestReporter.addBreadcrumbs(HtmlAcceptanceTestReporter.java:227)
	at net.thucydides.core.reports.html.HtmlAcceptanceTestReporter.addParentRequirmentFieldToContext(HtmlAcceptanceTestReporter.java:214)
	at net.thucydides.core.reports.html.HtmlAcceptanceTestReporter.addTestOutcomeToContext(HtmlAcceptanceTestReporter.java:190)
	at net.thucydides.core.reports.html.HtmlAcceptanceTestReporter.generateReportFor(HtmlAcceptanceTestReporter.java:105)
	at net.thucydides.core.reports.ReportService.generateReportFor(ReportService.java:246)
	at net.thucydides.core.reports.ReportService.lambda$generateReportsFor$0(ReportService.java:184)
	at java.util.concurrent.Executors$RunnableAdapter.call(Executors.java:511)
	at java.util.concurrent.FutureTask.run(FutureTask.java:266)
	at java.util.concurrent.ThreadPoolExecutor.runWorker(ThreadPoolExecutor.java:1149)
	at java.util.concurrent.ThreadPoolExecutor$Worker.run(ThreadPoolExecutor.java:624)
	at java.lang.Thread.run(Thread.java:748)

18:52:16.418 [pool-3-thread-3] WARN net.thucydides.core.requirements.RequirementsTagProvider - Failed to load requirements: Illegal char <:> at index 4: file:\C:\Users\Ocky\Documents\Final%20Project\src\test\resources\login.feature
java.nio.file.InvalidPathException: Illegal char <:> at index 4: file:\C:\Users\Ocky\Documents\Final%20Project\src\test\resources\login.feature
	at sun.nio.fs.WindowsPathParser.normalize(WindowsPathParser.java:182)
	at sun.nio.fs.WindowsPathParser.parse(WindowsPathParser.java:153)
	at sun.nio.fs.WindowsPathParser.parse(WindowsPathParser.java:77)
	at sun.nio.fs.WindowsPath.parse(WindowsPath.java:94)
	at sun.nio.fs.WindowsFileSystem.getPath(WindowsFileSystem.java:255)
	at java.io.File.toPath(File.java:2234)
	at net.thucydides.core.requirements.RootDirectory.getRelativePathOf(RootDirectory.java:364)
	at net.thucydides.core.requirements.FileSystemRequirementsTagProvider.requirementWithMatchingPath(FileSystemRequirementsTagProvider.java:372)
	at net.thucydides.core.requirements.FileSystemRequirementsTagProvider.getParentRequirementOf(FileSystemRequirementsTagProvider.java:335)
	at net.thucydides.core.requirements.ParentRequirementsProvided.forOutcome(ParentRequirementsProvided.java:26)
	at net.thucydides.core.requirements.BaseRequirementsService.getParentRequirementOf(BaseRequirementsService.java:138)
	at net.thucydides.core.requirements.BaseRequirementsService.getAncestorRequirementsFor(BaseRequirementsService.java:78)
	at net.thucydides.core.tags.BreadcrumbTagFilter.getRequirementBreadcrumbsFrom(BreadcrumbTagFilter.java:51)
	at net.thucydides.core.reports.html.HtmlAcceptanceTestReporter.addBreadcrumbs(HtmlAcceptanceTestReporter.java:227)
	at net.thucydides.core.reports.html.HtmlAcceptanceTestReporter.addParentRequirmentFieldToContext(HtmlAcceptanceTestReporter.java:214)
	at net.thucydides.core.reports.html.HtmlAcceptanceTestReporter.addTestOutcomeToContext(HtmlAcceptanceTestReporter.java:190)
	at net.thucydides.core.reports.html.HtmlAcceptanceTestReporter.generateReportFor(HtmlAcceptanceTestReporter.java:105)
	at net.thucydides.core.reports.ReportService.generateReportFor(ReportService.java:246)
	at net.thucydides.core.reports.ReportService.lambda$generateReportsFor$0(ReportService.java:184)
	at java.util.concurrent.Executors$RunnableAdapter.call(Executors.java:511)
	at java.util.concurrent.FutureTask.run(FutureTask.java:266)
	at java.util.concurrent.ThreadPoolExecutor.runWorker(ThreadPoolExecutor.java:1149)
	at java.util.concurrent.ThreadPoolExecutor$Worker.run(ThreadPoolExecutor.java:624)
	at java.lang.Thread.run(Thread.java:748)

18:52:20.012 [pool-3-thread-3] DEBUG serenity.reporting - Generating report in b81f1cdc46d958bae72f79507f7f648702b48e30fcb5184a44b7ca22ab949d65.html

18:52:20.015 [pool-3-thread-1] DEBUG serenity.reporting - Generating report in e4c14f85abcd81fdcc1bef66394f4e3b5a8d4ccfb0aa4b077cdd0a7cbf5e3a5a.html

18:52:20.017 [pool-3-thread-4] DEBUG serenity.reporting - Generating report in c5ac8aa97b61093073a24bc10f7dfabfd29941f2ddfe2c684633a9ebc25409e5.html

18:52:20.019 [pool-3-thread-2] DEBUG serenity.reporting - Generating report in 9e9fd6cfe53ea5b93b0a7d15ba1d97be2fc819fbe34af17aede4d7b415b259aa.html

18:52:21.748 [pool-3-thread-2] DEBUG serenity.reporting - Generated report 9e9fd6cfe53ea5b93b0a7d15ba1d97be2fc819fbe34af17aede4d7b415b259aa.html in 1729 ms

18:52:21.748 [pool-3-thread-2] DEBUG net.thucydides.core.reports.ReportService - Processing test outcome As admin I want to login, so I can register patients:POST - As admin I want to login with invalid id and valid password done

18:52:21.786 [pool-3-thread-1] DEBUG serenity.reporting - Generated report e4c14f85abcd81fdcc1bef66394f4e3b5a8d4ccfb0aa4b077cdd0a7cbf5e3a5a.html in 1771 ms

18:52:21.787 [pool-3-thread-1] DEBUG net.thucydides.core.reports.ReportService - Processing test outcome As admin I want to login, so I can register patients:POST - As admin I want to login with valid id and valid password done

18:52:21.788 [pool-3-thread-3] DEBUG serenity.reporting - Generated report b81f1cdc46d958bae72f79507f7f648702b48e30fcb5184a44b7ca22ab949d65.html in 1776 ms

18:52:21.789 [pool-3-thread-3] DEBUG net.thucydides.core.reports.ReportService - Processing test outcome As admin I want to login, so I can register patients:POST - As admin I want to login with valid id and invalid password done

18:52:21.789 [pool-3-thread-4] DEBUG serenity.reporting - Generated report c5ac8aa97b61093073a24bc10f7dfabfd29941f2ddfe2c684633a9ebc25409e5.html in 1772 ms

18:52:21.790 [pool-3-thread-4] DEBUG net.thucydides.core.reports.ReportService - Processing test outcome As admin I want to login, so I can register patients:POST - As admin I want to login with invalid id and invalid password done

18:52:21.790 [pool-2-thread-1] DEBUG net.thucydides.core.reports.ReportService - Shutting down executor service

18:52:21.790 [pool-2-thread-1] DEBUG net.thucydides.core.reports.ReportService - Reports generated in: 5503 ms

18:52:23.044 [pool-2-thread-1] INFO io.cucumber.core.plugin.SerenityReporter - Cleanup test resources for URI file:///C:/Users/Ocky/Documents/Final%20Project/src/test/resources/login.feature


Scenario: POST - As admin I want to login with valid id and valid password &amp#27;[90m# src/test/resources/login.feature:4&amp#27;[0m
18:51:55.165 [pool-2-thread-1] INFO io.cucumber.core.plugin.SerenityReporter - Running feature from file:///C:/Users/Ocky/Documents/Final%20Project/src/test/resources/login.feature
18:51:55.165 [pool-2-thread-1] WARN io.cucumber.core.plugin.SerenityReporter - Feature from file:///C:/Users/Ocky/Documents/Final%20Project/src/test/resources/login.feature is not under the 'features' directory. Requirements report will not be correctly generated!
18:51:55.373 [pool-2-thread-1] INFO  - 
  _____   ___   ___   _____     ___   _____     _     ___   _____   ___   ___  
 |_   _| | __| / __| |_   _|   / __| |_   _|   /_\   | _ \ |_   _| | __| |   \ 
   | |   | _|  \__ \   | |     \__ \   | |    / _ \  |   /   | |   | _|  | |) |
   |_|   |___| |___/   |_|     |___/   |_|   /_/ \_\ |_|_\   |_|   |___| |___/ 

POST - As admin I want to login with valid id and valid password(as-admin-i-want-to-login--so-i-can-register-patients;post---as-admin-i-want-to-login-with-valid-id-and-valid-password)
--------------------------------------------------------------------------------
18:51:57.021 [pool-2-thread-1] DEBUG net.thucydides.core.steps.StepInterceptor - STARTING STEP: loginSteps.setPostApiEndpoints - admin Post API endpoint
18:51:57.032 [pool-2-thread-1] DEBUG net.thucydides.core.steps.StepInterceptor - STEP DONE: admin Post API endpoint
  &amp#27;[32mGiven &amp#27;[0m&amp#27;[32madmin Post API endpoint&amp#27;[0m                                            &amp#27;[90m# stepdefinitions.loginSteps.setPostApiEndpoints()&amp#27;[0m
18:51:57.089 [pool-2-thread-1] DEBUG net.thucydides.core.steps.StepInterceptor - STARTING STEP: loginSteps.sendPostHTTPrequest - admin send POST HTTP request
18:52:02.252 [pool-2-thread-1] DEBUG net.thucydides.core.steps.StepInterceptor - STARTING STEP: login.sendPostHTTPrequest - admin Post API endpoint
18:52:02.263 [pool-2-thread-1] DEBUG net.thucydides.core.steps.StepInterceptor - STEP DONE: admin Post API endpoint
18:52:10.672 [pool-2-thread-1] DEBUG net.thucydides.core.steps.StepInterceptor - STEP DONE: admin send POST HTTP request
  &amp#27;[32mWhen &amp#27;[0m&amp#27;[32madmin send POST HTTP request&amp#27;[0m                                        &amp#27;[90m# stepdefinitions.loginSteps.sendPostHTTPrequest()&amp#27;[0m
18:52:10.681 [pool-2-thread-1] DEBUG net.thucydides.core.steps.StepInterceptor - STARTING STEP: loginSteps.adminReceiveValidHTTPResponseCode200 - admin receive valid HTTP response code 200
18:52:10.786 [pool-2-thread-1] DEBUG net.thucydides.core.steps.StepInterceptor - STEP DONE: admin receive valid HTTP response code 200
  &amp#27;[32mThen &amp#27;[0m&amp#27;[32madmin receive valid HTTP response code 200&amp#27;[0m                          &amp#27;[90m# stepdefinitions.loginSteps.adminReceiveValidHTTPResponseCode200()&amp#27;[0m
18:52:10.796 [pool-2-thread-1] INFO  - 
  _____   ___   ___   _____     ___     _     ___   ___   ___   ___  
 |_   _| | __| / __| |_   _|   | _ \   /_\   / __| / __| | __| |   \ 
   | |   | _|  \__ \   | |     |  _/  / _ \  \__ \ \__ \ | _|  | |) |
   |_|   |___| |___/   |_|     |_|   /_/ \_\ |___/ |___/ |___| |___/ 

POST - As admin I want to login with valid id and valid password
----------------------------------------------------------------------
]]></system-out>
  </testcase>
  <testcase name="POST - As admin I want to login with invalid id and valid password" classname="As admin I want to login, so I can register patients" time="1.601">
    <system-out><![CDATA[
Scenario: POST - As admin I want to login with invalid id and valid password &amp#27;[90m# src/test/resources/login.feature:9&amp#27;[0m
18:52:10.816 [pool-2-thread-1] INFO io.cucumber.core.plugin.SerenityReporter - Running feature from file:///C:/Users/Ocky/Documents/Final%20Project/src/test/resources/login.feature
18:52:10.816 [pool-2-thread-1] WARN io.cucumber.core.plugin.SerenityReporter - Feature from file:///C:/Users/Ocky/Documents/Final%20Project/src/test/resources/login.feature is not under the 'features' directory. Requirements report will not be correctly generated!
18:52:10.823 [pool-2-thread-1] INFO  - 
  _____   ___   ___   _____     ___   _____     _     ___   _____   ___   ___  
 |_   _| | __| / __| |_   _|   / __| |_   _|   /_\   | _ \ |_   _| | __| |   \ 
   | |   | _|  \__ \   | |     \__ \   | |    / _ \  |   /   | |   | _|  | |) |
   |_|   |___| |___/   |_|     |___/   |_|   /_/ \_\ |_|_\   |_|   |___| |___/ 

POST - As admin I want to login with invalid id and valid password(as-admin-i-want-to-login--so-i-can-register-patients;post---as-admin-i-want-to-login-with-invalid-id-and-valid-password)
--------------------------------------------------------------------------------
18:52:10.875 [pool-2-thread-1] DEBUG net.thucydides.core.steps.StepInterceptor - STARTING STEP: loginSteps.setPostApiEndpoints - admin Post API endpoint
18:52:10.876 [pool-2-thread-1] DEBUG net.thucydides.core.steps.StepInterceptor - STEP DONE: admin Post API endpoint
  &amp#27;[32mGiven &amp#27;[0m&amp#27;[32madmin Post API endpoint&amp#27;[0m                                              &amp#27;[90m# stepdefinitions.loginSteps.setPostApiEndpoints()&amp#27;[0m
18:52:10.930 [pool-2-thread-1] DEBUG net.thucydides.core.steps.StepInterceptor - STARTING STEP: loginSteps.adminSendPostHTTPrequestwithInvalidid - admin send POST HTTP request with invalid id
18:52:10.938 [pool-2-thread-1] DEBUG net.thucydides.core.steps.StepInterceptor - STARTING STEP: login.sendPostHTTPrequestWithInvalidId - admin Post API endpoint
18:52:10.938 [pool-2-thread-1] DEBUG net.thucydides.core.steps.StepInterceptor - STEP DONE: admin Post API endpoint
18:52:12.391 [pool-2-thread-1] DEBUG net.thucydides.core.steps.StepInterceptor - STEP DONE: admin send POST HTTP request with invalid id
  &amp#27;[32mWhen &amp#27;[0m&amp#27;[32madmin send POST HTTP request with invalid id&amp#27;[0m                          &amp#27;[90m# stepdefinitions.loginSteps.adminSendPostHTTPrequestwithInvalidid()&amp#27;[0m
18:52:12.401 [pool-2-thread-1] DEBUG net.thucydides.core.steps.StepInterceptor - STARTING STEP: loginSteps.adminReceiveHTTPresponseCode404 - admin receive HTTP response code 404
18:52:12.403 [pool-2-thread-1] DEBUG net.thucydides.core.steps.StepInterceptor - STEP DONE: admin receive HTTP response code 404
  &amp#27;[32mThen &amp#27;[0m&amp#27;[32madmin receive HTTP response code 404&amp#27;[0m                                  &amp#27;[90m# stepdefinitions.loginSteps.adminReceiveHTTPresponseCode404()&amp#27;[0m
18:52:12.408 [pool-2-thread-1] INFO  - 
  _____   ___   ___   _____     ___     _     ___   ___   ___   ___  
 |_   _| | __| / __| |_   _|   | _ \   /_\   / __| / __| | __| |   \ 
   | |   | _|  \__ \   | |     |  _/  / _ \  \__ \ \__ \ | _|  | |) |
   |_|   |___| |___/   |_|     |_|   /_/ \_\ |___/ |___/ |___| |___/ 

POST - As admin I want to login with invalid id and valid password
----------------------------------------------------------------------
]]></system-out>
  </testcase>
  <testcase name="POST - As admin I want to login with valid id and invalid password" classname="As admin I want to login, so I can register patients" time="1.864">
    <system-out><![CDATA[
Scenario: POST - As admin I want to login with valid id and invalid password &amp#27;[90m# src/test/resources/login.feature:14&amp#27;[0m
18:52:12.418 [pool-2-thread-1] INFO io.cucumber.core.plugin.SerenityReporter - Running feature from file:///C:/Users/Ocky/Documents/Final%20Project/src/test/resources/login.feature
18:52:12.418 [pool-2-thread-1] WARN io.cucumber.core.plugin.SerenityReporter - Feature from file:///C:/Users/Ocky/Documents/Final%20Project/src/test/resources/login.feature is not under the 'features' directory. Requirements report will not be correctly generated!
18:52:12.423 [pool-2-thread-1] INFO  - 
  _____   ___   ___   _____     ___   _____     _     ___   _____   ___   ___  
 |_   _| | __| / __| |_   _|   / __| |_   _|   /_\   | _ \ |_   _| | __| |   \ 
   | |   | _|  \__ \   | |     \__ \   | |    / _ \  |   /   | |   | _|  | |) |
   |_|   |___| |___/   |_|     |___/   |_|   /_/ \_\ |_|_\   |_|   |___| |___/ 

POST - As admin I want to login with valid id and invalid password(as-admin-i-want-to-login--so-i-can-register-patients;post---as-admin-i-want-to-login-with-valid-id-and-invalid-password)
--------------------------------------------------------------------------------
18:52:12.448 [pool-2-thread-1] DEBUG net.thucydides.core.steps.StepInterceptor - STARTING STEP: loginSteps.setPostApiEndpoints - admin Post API endpoint
18:52:12.448 [pool-2-thread-1] DEBUG net.thucydides.core.steps.StepInterceptor - STEP DONE: admin Post API endpoint
  &amp#27;[32mGiven &amp#27;[0m&amp#27;[32madmin Post API endpoint&amp#27;[0m                                              &amp#27;[90m# stepdefinitions.loginSteps.setPostApiEndpoints()&amp#27;[0m
18:52:12.458 [pool-2-thread-1] DEBUG net.thucydides.core.steps.StepInterceptor - STARTING STEP: loginSteps.adminSendPostHTTPrequestwithInvalidPassword - admin send POST HTTP request with invalid password
18:52:12.462 [pool-2-thread-1] DEBUG net.thucydides.core.steps.StepInterceptor - STARTING STEP: login.sendPostHTTPRequestwithInvalidPassword - admin Post API endpoint
18:52:12.464 [pool-2-thread-1] DEBUG net.thucydides.core.steps.StepInterceptor - STEP DONE: admin Post API endpoint
18:52:14.253 [pool-2-thread-1] DEBUG net.thucydides.core.steps.StepInterceptor - STEP DONE: admin send POST HTTP request with invalid password
  &amp#27;[32mWhen &amp#27;[0m&amp#27;[32madmin send POST HTTP request with invalid password&amp#27;[0m                    &amp#27;[90m# stepdefinitions.loginSteps.adminSendPostHTTPrequestwithInvalidPassword()&amp#27;[0m
18:52:14.263 [pool-2-thread-1] DEBUG net.thucydides.core.steps.StepInterceptor - STARTING STEP: loginSteps.adminReceiveHTTPResponseCode400 - admin receive HTTP response code 400
18:52:14.265 [pool-2-thread-1] DEBUG net.thucydides.core.steps.StepInterceptor - STEP DONE: admin receive HTTP response code 400
  &amp#27;[32mThen &amp#27;[0m&amp#27;[32madmin receive HTTP response code 400&amp#27;[0m                                  &amp#27;[90m# stepdefinitions.loginSteps.adminReceiveHTTPResponseCode400()&amp#27;[0m
18:52:14.271 [pool-2-thread-1] INFO  - 
  _____   ___   ___   _____     ___     _     ___   ___   ___   ___  
 |_   _| | __| / __| |_   _|   | _ \   /_\   / __| / __| | __| |   \ 
   | |   | _|  \__ \   | |     |  _/  / _ \  \__ \ \__ \ | _|  | |) |
   |_|   |___| |___/   |_|     |_|   /_/ \_\ |___/ |___/ |___| |___/ 

POST - As admin I want to login with valid id and invalid password
----------------------------------------------------------------------
]]></system-out>
  </testcase>
  <testcase name="POST - As admin I want to login with invalid id and invalid password" classname="As admin I want to login, so I can register patients" time="1.563">
    <system-out><![CDATA[
Scenario: POST - As admin I want to login with invalid id and invalid password &amp#27;[90m# src/test/resources/login.feature:19&amp#27;[0m
18:52:14.280 [pool-2-thread-1] INFO io.cucumber.core.plugin.SerenityReporter - Running feature from file:///C:/Users/Ocky/Documents/Final%20Project/src/test/resources/login.feature
18:52:14.280 [pool-2-thread-1] WARN io.cucumber.core.plugin.SerenityReporter - Feature from file:///C:/Users/Ocky/Documents/Final%20Project/src/test/resources/login.feature is not under the 'features' directory. Requirements report will not be correctly generated!
18:52:14.286 [pool-2-thread-1] INFO  - 
  _____   ___   ___   _____     ___   _____     _     ___   _____   ___   ___  
 |_   _| | __| / __| |_   _|   / __| |_   _|   /_\   | _ \ |_   _| | __| |   \ 
   | |   | _|  \__ \   | |     \__ \   | |    / _ \  |   /   | |   | _|  | |) |
   |_|   |___| |___/   |_|     |___/   |_|   /_/ \_\ |_|_\   |_|   |___| |___/ 

POST - As admin I want to login with invalid id and invalid password(as-admin-i-want-to-login--so-i-can-register-patients;post---as-admin-i-want-to-login-with-invalid-id-and-invalid-password)
--------------------------------------------------------------------------------
18:52:14.316 [pool-2-thread-1] DEBUG net.thucydides.core.steps.StepInterceptor - STARTING STEP: loginSteps.setPostApiEndpoints - admin Post API endpoint
18:52:14.317 [pool-2-thread-1] DEBUG net.thucydides.core.steps.StepInterceptor - STEP DONE: admin Post API endpoint
  &amp#27;[32mGiven &amp#27;[0m&amp#27;[32madmin Post API endpoint&amp#27;[0m                                                &amp#27;[90m# stepdefinitions.loginSteps.setPostApiEndpoints()&amp#27;[0m
18:52:14.330 [pool-2-thread-1] DEBUG net.thucydides.core.steps.StepInterceptor - STARTING STEP: loginSteps.adminSendPostHTTPrequestWithinvalidIdandInvalidPassword - admin send POST HTTP request with invalid id and invalid password
18:52:14.336 [pool-2-thread-1] DEBUG net.thucydides.core.steps.StepInterceptor - STARTING STEP: login.sendPostHTTPRequestwithInvalidIdAndInvalidPassword - admin Post API endpoint
18:52:14.337 [pool-2-thread-1] DEBUG net.thucydides.core.steps.StepInterceptor - STEP DONE: admin Post API endpoint
18:52:15.818 [pool-2-thread-1] DEBUG net.thucydides.core.steps.StepInterceptor - STEP DONE: admin send POST HTTP request with invalid id and invalid password
  &amp#27;[32mWhen &amp#27;[0m&amp#27;[32madmin send POST HTTP request with invalid id and invalid password&amp#27;[0m       &amp#27;[90m# stepdefinitions.loginSteps.adminSendPostHTTPrequestWithinvalidIdandInvalidPassword()&amp#27;[0m
18:52:15.826 [pool-2-thread-1] DEBUG net.thucydides.core.steps.StepInterceptor - STARTING STEP: loginSteps.adminReceiveHTTPresponseCode404 - admin receive HTTP response code 404
18:52:15.828 [pool-2-thread-1] DEBUG net.thucydides.core.steps.StepInterceptor - STEP DONE: admin receive HTTP response code 404
  &amp#27;[32mThen &amp#27;[0m&amp#27;[32madmin receive HTTP response code 404&amp#27;[0m                                    &amp#27;[90m# stepdefinitions.loginSteps.adminReceiveHTTPresponseCode404()&amp#27;[0m
18:52:15.836 [pool-2-thread-1] INFO  - 
  _____   ___   ___   _____     ___     _     ___   ___   ___   ___  
 |_   _| | __| / __| |_   _|   | _ \   /_\   / __| / __| | __| |   \ 
   | |   | _|  \__ \   | |     |  _/  / _ \  \__ \ \__ \ | _|  | |) |
   |_|   |___| |___/   |_|     |_|   /_/ \_\ |___/ |___/ |___| |___/ 

POST - As admin I want to login with invalid id and invalid password
----------------------------------------------------------------------
]]></system-out>
  </testcase>
</testsuite>