<?xml version="1.0" encoding="UTF-8"?><testsuite errors="0" failures="0" name="As admin I want to login, so I can register patients" skipped="0" tests="4" time="20.41" timestamp="2022-07-19 06:51:55"><testcase name="POST - As admin I want to login with valid id and valid password"/><testcase name="POST - As admin I want to login with invalid id and valid password"/><testcase name="POST - As admin I want to login with valid id and invalid password"/><testcase name="POST - As admin I want to login with invalid id and invalid password"/></testsuite>